[2026-06-18T05:44:07+0000] ============================================
[2026-06-18T05:44:07+0000]   Robin Trading Platform - Startup
[2026-06-18T05:44:07+0000]   Thu Jun 18 05:44:07 UTC 2026
[2026-06-18T05:44:07+0000] ============================================
[2026-06-18T05:44:07+0000] Checking prerequisites...
[2026-06-18T05:44:07+0000] [FATAL] numactl not found
[2026-06-18T05:44:07+0000] === Shutting down Robin Trading Platform ===
[2026-06-18T05:44:07+0000] === All services stopped ===
[2026-06-18T05:46:43+0000] ============================================
[2026-06-18T05:46:43+0000]   Robin Trading Platform - Startup
[2026-06-18T05:46:43+0000]   Thu Jun 18 05:46:43 UTC 2026
[2026-06-18T05:46:43+0000] ============================================
[2026-06-18T05:46:43+0000] Checking prerequisites...
[2026-06-18T05:46:43+0000] === Starting Hot-Path Services ===
[2026-06-18T05:46:43+0000] Starting matching-engine...
[2026-06-18T05:46:43+0000] [OK] matching-engine started (PID: 405)
[2026-06-18T05:46:43+0000] Starting network-bridge...
[2026-06-18T05:46:43+0000] [OK] network-bridge started (PID: 413)
[2026-06-18T05:46:43+0000] Starting ingestion...
[2026-06-18T05:46:43+0000] [OK] ingestion started (PID: 420)
[2026-06-18T05:46:43+0000] === Starting Risk Analytics ===
[2026-06-18T05:46:43+0000] Starting risk-gate...
[2026-06-18T05:46:43+0000] [WARN] risk-gate binary not found: ./services/risk-analytics/target/release/robin_risk
[2026-06-18T05:46:43+0000] === Starting Infrastructure ===
[2026-06-18T05:46:43+0000] Starting orchestrator...
[2026-06-18T05:46:43+0000] [WARN] orchestrator binary not found: ./services/gateway/bin/orchestrator
[2026-06-18T05:46:43+0000] === Setting CPU Affinity ===
[2026-06-18T05:46:43+0000] [WARN] Could not set CPU affinity for matching-engine
[2026-06-18T05:46:43+0000] [WARN] Could not set CPU affinity for network-bridge
[2026-06-18T05:46:44+0000] [OK] ingestion pinned to CPU(s) 6-7
[2026-06-18T05:46:44+0000] ============================================
[2026-06-18T05:46:44+0000]   Startup Complete
[2026-06-18T05:46:44+0000]   Services running. PID files in ./pids
[2026-06-18T05:46:44+0000]   Logs in ./logs
[2026-06-18T05:46:44+0000] ============================================
[2026-06-18T05:46:44+0000] Press Ctrl+C to stop all services.
[2026-06-18T05:46:44+0000] === Shutting down Robin Trading Platform ===
[2026-06-18T05:46:44+0000] Stopping ingestion (PID: 420)...
[2026-06-18T05:46:44+0000] Stopping matching-engine (PID: 405)...
[2026-06-18T05:46:44+0000] Stopping network-bridge (PID: 413)...
[2026-06-18T05:46:44+0000] === All services stopped ===
[2026-06-18T05:48:11+0000] ============================================
[2026-06-18T05:48:11+0000]   Robin Trading Platform - Startup
[2026-06-18T05:48:11+0000]   Thu Jun 18 05:48:11 UTC 2026
[2026-06-18T05:48:11+0000] ============================================
[2026-06-18T05:48:11+0000] Checking prerequisites...
[2026-06-18T05:48:11+0000] === Starting Hot-Path Services ===
[2026-06-18T05:48:11+0000] Starting matching-engine...
[2026-06-18T05:48:11+0000] [OK] matching-engine started (PID: 416)
[2026-06-18T05:48:11+0000] Starting network-bridge...
[2026-06-18T05:48:11+0000] [OK] network-bridge started (PID: 424)
[2026-06-18T05:48:11+0000] Starting ingestion...
[2026-06-18T05:48:11+0000] [OK] ingestion started (PID: 431)
[2026-06-18T05:48:11+0000] === Starting Risk Analytics ===
[2026-06-18T05:48:11+0000] Starting risk-gate...
[2026-06-18T05:48:11+0000] [WARN] risk-gate binary not found: ./services/risk-analytics/target/release/robin_risk
[2026-06-18T05:48:11+0000] === Starting Infrastructure ===
[2026-06-18T05:48:11+0000] Starting orchestrator...
[2026-06-18T05:48:11+0000] [WARN] orchestrator binary not found: ./services/gateway/bin/orchestrator
[2026-06-18T05:48:11+0000] === Setting CPU Affinity ===
[2026-06-18T05:48:11+0000] [WARN] Could not set CPU affinity for matching-engine
[2026-06-18T05:48:11+0000] [WARN] Could not set CPU affinity for network-bridge
[2026-06-18T05:48:11+0000] [OK] ingestion pinned to CPU(s) 6-7
[2026-06-18T05:48:12+0000] ============================================
[2026-06-18T05:48:12+0000]   Startup Complete
[2026-06-18T05:48:12+0000]   Services running. PID files in ./pids
[2026-06-18T05:48:12+0000]   Logs in ./logs
[2026-06-18T05:48:12+0000] ============================================
[2026-06-18T05:48:12+0000] Press Ctrl+C to stop all services.
[2026-06-18T05:48:12+0000] === Shutting down Robin Trading Platform ===
[2026-06-18T05:48:12+0000] Stopping ingestion (PID: 431)...
[2026-06-18T05:48:12+0000] Stopping matching-engine (PID: 416)...
[2026-06-18T05:48:12+0000] Stopping network-bridge (PID: 424)...
[2026-06-18T05:48:12+0000] === All services stopped ===
[2026-06-18T05:51:03+0000] ============================================
[2026-06-18T05:51:03+0000]   Robin Trading Platform - Startup
[2026-06-18T05:51:03+0000]   Thu Jun 18 05:51:03 UTC 2026
[2026-06-18T05:51:03+0000] ============================================
[2026-06-18T05:51:03+0000] Checking prerequisites...
[2026-06-18T05:51:03+0000] === Starting Hot-Path Services ===
[2026-06-18T05:51:03+0000] Starting matching-engine...
[2026-06-18T05:51:03+0000] [OK] matching-engine started (PID: 371)
[2026-06-18T05:51:03+0000] Starting network-bridge...
[2026-06-18T05:51:03+0000] [OK] network-bridge started (PID: 379)
[2026-06-18T05:51:03+0000] Starting ingestion...
[2026-06-18T05:51:03+0000] [OK] ingestion started (PID: 386)
[2026-06-18T05:51:03+0000] === Starting Risk Analytics ===
[2026-06-18T05:51:03+0000] Starting risk-gate...
[2026-06-18T05:51:03+0000] [WARN] risk-gate binary not found: ./services/risk-analytics/target/release/robin_risk
[2026-06-18T05:51:03+0000] === Starting Infrastructure ===
[2026-06-18T05:51:03+0000] Starting orchestrator...
[2026-06-18T05:51:03+0000] [WARN] orchestrator binary not found: ./services/gateway/bin/orchestrator
[2026-06-18T05:51:03+0000] === Setting CPU Affinity ===
[2026-06-18T05:51:03+0000] [WARN] Could not set CPU affinity for matching-engine
[2026-06-18T05:51:03+0000] [WARN] Could not set CPU affinity for network-bridge
[2026-06-18T05:51:03+0000] [OK] ingestion pinned to CPU(s) 6-7
[2026-06-18T05:51:03+0000] ============================================
[2026-06-18T05:51:03+0000]   Startup Complete
[2026-06-18T05:51:03+0000]   Services running. PID files in ./pids
[2026-06-18T05:51:03+0000]   Logs in ./logs
[2026-06-18T05:51:03+0000] ============================================
[2026-06-18T05:51:03+0000] Press Ctrl+C to stop all services.
[2026-06-18T05:51:04+0000] === Shutting down Robin Trading Platform ===
[2026-06-18T05:51:04+0000] Stopping ingestion (PID: 386)...
[2026-06-18T05:51:04+0000] Stopping matching-engine (PID: 371)...
[2026-06-18T05:51:04+0000] Stopping network-bridge (PID: 379)...
[2026-06-18T05:51:04+0000] === All services stopped ===
